  analyzeFP.cpp
f:\test\edffcheckfp\analyzefp.cpp(80): warning C4305: "Argument": Verkürzung von "int" in "const _Elem"
          with
          [
              _Elem=char
          ]
f:\test\edffcheckfp\analyzefp.cpp(80): warning C4309: "Argument": Verkürzung eines konstanten Wertes
f:\test\edffcheckfp\analyzefp.cpp(186): warning C4018: "<": Konflikt zwischen "signed" und "unsigned"
f:\test\edffcheckfp\analyzefp.cpp(264): warning C4018: "<": Konflikt zwischen "signed" und "unsigned"
f:\test\edffcheckfp\analyzefp.cpp(314): warning C4305: "Argument": Verkürzung von "int" in "const _Elem"
          with
          [
              _Elem=char
          ]
f:\test\edffcheckfp\analyzefp.cpp(314): warning C4309: "Argument": Verkürzung eines konstanten Wertes
     Bibliothek "F:\Test\EDFFCheckFP\Release\EDFFCheckFP.lib" und Objekt "F:\Test\EDFFCheckFP\Release\EDFFCheckFP.exp" werden erstellt.
  Code wird generiert.
  14 of 375 functions ( 3.7%) were compiled, the rest were copied from previous compilation.
    0 functions were new in current compilation
    12 functions had inline decision re-evaluated but remain unchanged
  Codegenerierung ist abgeschlossen.
  EDFFCheckFP.vcxproj -> F:\Test\EDFFCheckFP\Release\EDFFCheckFP.dll
